<?xml version="1.0" encoding="UTF-8"?>
<!-- Generated by org.testng.reporters.JUnitReportReporter -->
<testsuite hostname="DESKTOP-C2HAQ59" failures="0" tests="1" name="Devops.Mav.Test1" time="0.026" errors="0" timestamp="20 Jun 2021 21:03:44 GMT" skipped="0">
  <testcase classname="Devops.Mav.Test1" name="login" time="0.026"/>
</testsuite> <!-- Devops.Mav.Test1 -->
