<?xml version="1.0" encoding="UTF-8"?>
<!-- Generated by org.testng.reporters.JUnitReportReporter -->
<testsuite hostname="DESKTOP-C2HAQ59" failures="0" tests="3" name="Devops.Mav.Test2" time="0.002" errors="0" timestamp="20 Jun 2021 21:03:44 GMT" skipped="0">
  <testcase classname="Devops.Mav.Test2" name="payment" time="0.000"/>
  <testcase classname="Devops.Mav.Test2" name="logout" time="0.000"/>
  <testcase classname="Devops.Mav.Test2" name="browser" time="0.002"/>
</testsuite> <!-- Devops.Mav.Test2 -->
